<testsuite name="Mocha Tests" tests="1" failures="0" errors="0" skipped="0" timestamp="Fri, 23 Oct 2015 08:21:26 GMT" time="0.003">
<testcase classname="Check String Length" name="checks the lenght of the sting" time="0.001"/>
</testsuite>
